[debug] [2017-10-22T05:21:40.717Z] ----------------------------------------------------------------------
[debug] [2017-10-22T05:21:40.729Z] Command:       C:\Program Files\nodejs\node.exe C:\Users\Samsung\AppData\Roaming\npm\node_modules\firebase-tools\bin\firebase serve
[debug] [2017-10-22T05:21:40.730Z] CLI Version:   3.12.0
[debug] [2017-10-22T05:21:40.731Z] Platform:      win32
[debug] [2017-10-22T05:21:40.731Z] Node Version:  v6.11.2
[debug] [2017-10-22T05:21:40.733Z] Time:          Sun Oct 22 2017 14:21:40 GMT+0900 (대한민국 표준시)
[debug] [2017-10-22T05:21:40.733Z] ----------------------------------------------------------------------
[debug] 
[debug] [2017-10-22T05:21:40.806Z] > command requires scopes: ["email","openid","https://www.googleapis.com/auth/cloudplatformprojects.readonly","https://www.googleapis.com/auth/firebase","https://www.googleapis.com/auth/cloud-platform"]
[debug] [2017-10-22T05:21:40.808Z] > authorizing via signed-in user
[debug] [2017-10-22T05:21:40.817Z] > refreshing access token with scopes: ["email","https://www.googleapis.com/auth/cloud-platform","https://www.googleapis.com/auth/cloudplatformprojects.readonly","https://www.googleapis.com/auth/firebase","openid"]
[debug] [2017-10-22T05:21:40.819Z] >>> HTTP REQUEST POST https://www.googleapis.com/oauth2/v3/token { refresh_token: '1/7Ff-E2F8MWccK_iqQ-EN6keUFKmlDL_6rZuQ82zzWGg',
  client_id: '563584335869-fgrhgmd47bqnekij5i8b5pr03ho849e6.apps.googleusercontent.com',
  client_secret: 'j9iVZfS8kkCEFUPaAeJV0sAi',
  grant_type: 'refresh_token',
  scope: 'email https://www.googleapis.com/auth/cloud-platform https://www.googleapis.com/auth/cloudplatformprojects.readonly https://www.googleapis.com/auth/firebase openid' } 
 Sun Oct 22 2017 14:21:40 GMT+0900 (대한민국 표준시)
[debug] [2017-10-22T05:21:42.118Z] <<< HTTP RESPONSE 200
[debug] [2017-10-22T05:21:42.147Z] >>> HTTP REQUEST GET https://admin.firebase.com/v1/projects/cmp-java  
 Sun Oct 22 2017 14:21:42 GMT+0900 (대한민국 표준시)
[debug] [2017-10-22T05:21:43.487Z] <<< HTTP RESPONSE 200
[debug] [2017-10-22T05:21:43.492Z] >>> HTTP REQUEST GET https://admin.firebase.com/v1/database/cmp-java/tokens  
 Sun Oct 22 2017 14:21:43 GMT+0900 (대한민국 표준시)
[debug] [2017-10-22T05:21:44.704Z] <<< HTTP RESPONSE 200
[info] 
[info] === Serving from 'D:\cmp_website'...
[info] 
[debug] [2017-10-22T05:21:44.717Z] >>> HTTP REQUEST GET https://cloudresourcemanager.googleapis.com/v1/projects/cmp-java  
 Sun Oct 22 2017 14:21:44 GMT+0900 (대한민국 표준시)
[debug] [2017-10-22T05:21:46.134Z] <<< HTTP RESPONSE 200
[debug] [2017-10-22T05:21:46.136Z] >>> HTTP REQUEST GET https://mobilesdk-pa.googleapis.com/v1/projects/261160027111/clients/_:getWebAppConfig  
 Sun Oct 22 2017 14:21:46 GMT+0900 (대한민국 표준시)
[debug] [2017-10-22T05:21:47.376Z] <<< HTTP RESPONSE 200
[info] i  hosting: Serving hosting files from: public
[info] +  hosting: Local server: http://localhost:5000

[debug] [2017-10-22T12:29:10.591Z] ----------------------------------------------------------------------
[debug] [2017-10-22T12:29:10.604Z] Command:       C:\Program Files\nodejs\node.exe C:\Users\Samsung\AppData\Roaming\npm\node_modules\firebase-tools\bin\firebase serve
[debug] [2017-10-22T12:29:10.606Z] CLI Version:   3.12.0
[debug] [2017-10-22T12:29:10.606Z] Platform:      win32
[debug] [2017-10-22T12:29:10.606Z] Node Version:  v6.11.2
[debug] [2017-10-22T12:29:10.612Z] Time:          Sun Oct 22 2017 21:29:10 GMT+0900 (대한민국 표준시)
[debug] [2017-10-22T12:29:10.612Z] ----------------------------------------------------------------------
[debug] 
[debug] [2017-10-22T12:29:10.766Z] > command requires scopes: ["email","openid","https://www.googleapis.com/auth/cloudplatformprojects.readonly","https://www.googleapis.com/auth/firebase","https://www.googleapis.com/auth/cloud-platform"]
[debug] [2017-10-22T12:29:10.768Z] > authorizing via signed-in user
[debug] [2017-10-22T12:29:10.780Z] > refreshing access token with scopes: ["email","https://www.googleapis.com/auth/cloud-platform","https://www.googleapis.com/auth/cloudplatformprojects.readonly","https://www.googleapis.com/auth/firebase","openid"]
[debug] [2017-10-22T12:29:10.781Z] >>> HTTP REQUEST POST https://www.googleapis.com/oauth2/v3/token { refresh_token: '1/7Ff-E2F8MWccK_iqQ-EN6keUFKmlDL_6rZuQ82zzWGg',
  client_id: '563584335869-fgrhgmd47bqnekij5i8b5pr03ho849e6.apps.googleusercontent.com',
  client_secret: 'j9iVZfS8kkCEFUPaAeJV0sAi',
  grant_type: 'refresh_token',
  scope: 'email https://www.googleapis.com/auth/cloud-platform https://www.googleapis.com/auth/cloudplatformprojects.readonly https://www.googleapis.com/auth/firebase openid' } 
 Sun Oct 22 2017 21:29:10 GMT+0900 (대한민국 표준시)
[debug] [2017-10-22T12:29:14.332Z] <<< HTTP RESPONSE 200
[debug] [2017-10-22T12:29:14.354Z] >>> HTTP REQUEST GET https://admin.firebase.com/v1/projects/cmp-java  
 Sun Oct 22 2017 21:29:14 GMT+0900 (대한민국 표준시)
[debug] [2017-10-22T12:29:20.786Z] <<< HTTP RESPONSE 200
[debug] [2017-10-22T12:29:20.789Z] >>> HTTP REQUEST GET https://admin.firebase.com/v1/database/cmp-java/tokens  
 Sun Oct 22 2017 21:29:20 GMT+0900 (대한민국 표준시)
[debug] [2017-10-22T12:29:24.319Z] <<< HTTP RESPONSE 200
[info] 
[info] === Serving from 'D:\cmp_website'...
[info] 
[debug] [2017-10-22T12:29:24.332Z] >>> HTTP REQUEST GET https://cloudresourcemanager.googleapis.com/v1/projects/cmp-java  
 Sun Oct 22 2017 21:29:24 GMT+0900 (대한민국 표준시)
[debug] [2017-10-22T12:29:30.299Z] <<< HTTP RESPONSE 200
[debug] [2017-10-22T12:29:30.301Z] >>> HTTP REQUEST GET https://mobilesdk-pa.googleapis.com/v1/projects/261160027111/clients/_:getWebAppConfig  
 Sun Oct 22 2017 21:29:30 GMT+0900 (대한민국 표준시)
[debug] [2017-10-22T12:29:36.055Z] <<< HTTP RESPONSE 200
[info] i  hosting: Serving hosting files from: public
[info] +  hosting: Local server: http://localhost:5000

